2017-12-31 13:39:03,092|client|INFO|>		protocol created with index 0
2017-12-31 13:39:03,093|client|INFO|>		[protocol 0] connectionMade
2017-12-31 13:39:03,672|server|INFO|>		protocol created with index 0
2017-12-31 13:39:03,675|server|INFO|>		[protocol 0] connectionMade
2017-12-31 13:39:03,676|server|INFO|>		[protocol 0] received data: {"index": 1, "type": "get"}
2017-12-31 13:39:03,676|server|INFO|>		protocol created with index 0
2017-12-31 13:39:03,677|server|INFO|>		[protocol 0] got get-request package index is 1
2017-12-31 13:39:03,678|client|INFO|>		protocol created with index 0
2017-12-31 13:39:03,678|server|INFO|>		[protocol 0] connectionMade
2017-12-31 13:39:03,680|client|INFO|>		[protocol 0] connectionMade
2017-12-31 13:39:03,681|client|INFO|>		[protocol 0] received data: {"index": 1, "type": "got", "data": "b"}
2017-12-31 13:39:03,681|client|INFO|>		[protocol 0] got package 1 -> b
2017-12-31 13:39:03,682|server|INFO|>		[protocol 0] sending DONE
2017-12-31 13:39:03,683|client|INFO|>		[protocol 0] package received
2017-12-31 13:39:03,684|server|INFO|>		[protocol 0] received data: {"index": 1, "type": "get"}
2017-12-31 13:39:03,684|server|INFO|>		[protocol 0] got get-request package index is 1
2017-12-31 13:39:03,685|client|INFO|>		[protocol 0] received data: {"type": "done"}{"index": 1, "type": "got", "data": "b"}
2017-12-31 13:39:03,692|server|INFO|>		[protocol 0] sending DONE
2017-12-31 13:39:03,693|client|INFO|>		[protocol 0] package received
2017-12-31 13:39:03,693|server|INFO|>		[protocol 0] connectionLost: [Failure instance: Traceback (failure with no frames): <class 'twisted.internet.error.ConnectionDone'>: Connection was closed cleanly.
]
2017-12-31 13:39:03,693|client|INFO|>		[protocol 0] connectionLost: [Failure instance: Traceback (failure with no frames): <type 'exceptions.ValueError'>: Extra data: line 1 column 17 - line 1 column 57 (char 16 - 56)
]
2017-12-31 13:39:03,694|client|INFO|>		[protocol 0] received data: {"type": "done"}
2017-12-31 13:39:03,695|client|INFO|>		[protocol 0] got unknown message {"type": "done"}
2017-12-31 13:39:06,154|client|INFO|>		protocol created with index 1
2017-12-31 13:39:06,154|server|INFO|>		protocol created with index 1
2017-12-31 13:39:06,155|server|INFO|>		[protocol 1] connectionMade
2017-12-31 13:39:06,155|client|INFO|>		[protocol 1] connectionMade
2017-12-31 13:39:06,155|server|INFO|>		[protocol 1] received data: {"index": 1, "type": "get"}
2017-12-31 13:39:06,156|server|INFO|>		[protocol 1] got get-request package index is 1
2017-12-31 13:39:06,156|client|INFO|>		[protocol 1] received data: {"index": 1, "type": "got", "data": "b"}
2017-12-31 13:39:06,157|client|INFO|>		[protocol 1] got package 1 -> b
2017-12-31 13:39:06,157|client|INFO|>		[protocol 1] package received
2017-12-31 13:40:49,234|client|INFO|>		[protocol 0] package received
2017-12-31 13:40:49,235|server|INFO|>		[protocol 0] connectionLost: [Failure instance: Traceback (failure with no frames): <class 'twisted.internet.error.ConnectionDone'>: Connection was closed cleanly.
]
2017-12-31 13:40:49,235|client|INFO|>		[protocol 0] connectionLost: [Failure instance: Traceback (failure with no frames): <class 'twisted.internet.error.ConnectionLost'>: Connection to the other side was lost in a non-clean fashion: Connection lost.
]
2017-12-31 13:40:49,237|client|INFO|>		[protocol 1] package received
2017-12-31 13:40:49,238|client|INFO|>		[protocol 1] connectionLost: [Failure instance: Traceback (failure with no frames): <class 'twisted.internet.error.ConnectionDone'>: Connection was closed cleanly.
]
2017-12-31 13:40:49,239|server|INFO|>		[protocol 1] connectionLost: [Failure instance: Traceback (failure with no frames): <class 'twisted.internet.error.ConnectionLost'>: Connection to the other side was lost in a non-clean fashion: Connection lost.
]
2017-12-31 14:15:35,145|server|INFO|>		protocol created with index 0
2017-12-31 14:15:35,147|server|INFO|>		[protocol 0] connectionMade
2017-12-31 14:15:35,148|client|INFO|>		protocol created with index 0
2017-12-31 14:15:35,148|client|INFO|>		protocol created with index 0
2017-12-31 14:15:35,148|client|INFO|>		protocol created with index 0
2017-12-31 14:15:35,149|client|INFO|>		[protocol 0] connectionMade
2017-12-31 14:15:35,149|client|INFO|>		[protocol 0] connectionMade
2017-12-31 14:15:35,149|client|INFO|>		[protocol 0] connectionMade
2017-12-31 14:15:35,153|server|INFO|>		[protocol 0] received data: {"index": 1, "type": "get"}
2017-12-31 14:15:35,153|server|INFO|>		[protocol 0] got get-request package index is 1
2017-12-31 14:15:35,154|client|INFO|>		[protocol 0] received data: {"index": 1, "type": "got", "data": "b"}
2017-12-31 14:15:35,154|client|INFO|>		[protocol 0] received data: {"index": 1, "type": "got", "data": "b"}
2017-12-31 14:15:35,154|client|INFO|>		[protocol 0] received data: {"index": 1, "type": "got", "data": "b"}
2017-12-31 14:15:35,155|client|INFO|>		[protocol 0] got package 1 -> b
2017-12-31 14:15:35,155|client|INFO|>		[protocol 0] got package 1 -> b
2017-12-31 14:15:35,155|client|INFO|>		[protocol 0] got package 1 -> b
2017-12-31 14:15:35,156|client|INFO|>		[protocol 0] package received
2017-12-31 14:15:35,156|client|INFO|>		[protocol 0] package received
2017-12-31 14:15:35,156|client|INFO|>		[protocol 0] package received
2017-12-31 14:15:39,514|server|INFO|>		protocol created with index 1
2017-12-31 14:15:39,515|server|INFO|>		[protocol 1] connectionMade
2017-12-31 14:15:39,516|client|INFO|>		protocol created with index 0
2017-12-31 14:15:39,516|client|INFO|>		protocol created with index 0
2017-12-31 14:15:39,516|client|INFO|>		protocol created with index 0
2017-12-31 14:15:39,519|client|INFO|>		[protocol 0] connectionMade
2017-12-31 14:15:39,519|client|INFO|>		[protocol 0] connectionMade
2017-12-31 14:15:39,519|client|INFO|>		[protocol 0] connectionMade
2017-12-31 14:15:39,523|server|INFO|>		[protocol 1] received data: {"index": 1, "type": "get"}
2017-12-31 14:15:39,523|server|INFO|>		[protocol 1] got get-request package index is 1
2017-12-31 14:15:39,524|client|INFO|>		[protocol 0] received data: {"index": 1, "type": "got", "data": "b"}
2017-12-31 14:15:39,524|client|INFO|>		[protocol 0] received data: {"index": 1, "type": "got", "data": "b"}
2017-12-31 14:15:39,524|client|INFO|>		[protocol 0] received data: {"index": 1, "type": "got", "data": "b"}
2017-12-31 14:15:39,526|client|INFO|>		[protocol 0] got package 1 -> b
2017-12-31 14:15:39,526|client|INFO|>		[protocol 0] got package 1 -> b
2017-12-31 14:15:39,526|client|INFO|>		[protocol 0] got package 1 -> b
2017-12-31 14:15:39,527|client|INFO|>		[protocol 0] package received
2017-12-31 14:15:39,527|client|INFO|>		[protocol 0] package received
2017-12-31 14:15:39,527|client|INFO|>		[protocol 0] package received
2017-12-31 14:15:53,200|client|INFO|>		[protocol 0] package received
2017-12-31 14:15:53,200|client|INFO|>		[protocol 0] package received
2017-12-31 14:15:53,200|client|INFO|>		[protocol 0] package received
2017-12-31 14:15:53,201|server|INFO|>		[protocol 1] connectionLost: [Failure instance: Traceback (failure with no frames): <class 'twisted.internet.error.ConnectionDone'>: Connection was closed cleanly.
]
2017-12-31 14:15:53,201|client|INFO|>		[protocol 0] connectionLost: [Failure instance: Traceback (failure with no frames): <class 'twisted.internet.error.ConnectionLost'>: Connection to the other side was lost in a non-clean fashion: Connection lost.
]
2017-12-31 14:15:53,201|client|INFO|>		[protocol 0] connectionLost: [Failure instance: Traceback (failure with no frames): <class 'twisted.internet.error.ConnectionLost'>: Connection to the other side was lost in a non-clean fashion: Connection lost.
]
2017-12-31 14:15:53,201|client|INFO|>		[protocol 0] connectionLost: [Failure instance: Traceback (failure with no frames): <class 'twisted.internet.error.ConnectionLost'>: Connection to the other side was lost in a non-clean fashion: Connection lost.
]
2017-12-31 14:15:53,664|server|INFO|>		[protocol 0] connectionLost: [Failure instance: Traceback (failure with no frames): <class 'twisted.internet.error.ConnectionLost'>: Connection to the other side was lost in a non-clean fashion: Connection lost.
]
2017-12-31 14:15:53,665|client|INFO|>		[protocol 0] package received
2017-12-31 14:15:53,665|client|INFO|>		[protocol 0] package received
2017-12-31 14:15:53,665|client|INFO|>		[protocol 0] package received
2017-12-31 14:15:53,666|client|INFO|>		[protocol 0] connectionLost: [Failure instance: Traceback (failure with no frames): <class 'twisted.internet.error.ConnectionLost'>: Connection to the other side was lost in a non-clean fashion: Connection lost.
]
2017-12-31 14:15:53,666|client|INFO|>		[protocol 0] connectionLost: [Failure instance: Traceback (failure with no frames): <class 'twisted.internet.error.ConnectionLost'>: Connection to the other side was lost in a non-clean fashion: Connection lost.
]
2017-12-31 14:15:53,666|client|INFO|>		[protocol 0] connectionLost: [Failure instance: Traceback (failure with no frames): <class 'twisted.internet.error.ConnectionLost'>: Connection to the other side was lost in a non-clean fashion: Connection lost.
]
2017-12-31 14:39:01,002|server|INFO|>		protocol created with index 0
2017-12-31 14:39:01,004|server|INFO|>		[protocol 0] connectionMade
2017-12-31 14:39:01,005|client|INFO|>		protocol created with index 0
2017-12-31 14:39:01,005|client|INFO|>		protocol created with index 0
2017-12-31 14:39:01,005|client|INFO|>		protocol created with index 0
2017-12-31 14:39:01,008|client|INFO|>		[protocol 0] connectionMade
2017-12-31 14:39:01,008|client|INFO|>		[protocol 0] connectionMade
2017-12-31 14:39:01,008|client|INFO|>		[protocol 0] connectionMade
2017-12-31 14:39:01,012|server|INFO|>		[protocol 0] received data: {"index": 1, "type": "get"}
2017-12-31 14:39:01,013|server|INFO|>		[protocol 0] got get-request package index is 1
2017-12-31 14:39:01,014|client|INFO|>		[protocol 0] received data: {"index": 1, "type": "got", "data": "b"}
2017-12-31 14:39:01,014|client|INFO|>		[protocol 0] received data: {"index": 1, "type": "got", "data": "b"}
2017-12-31 14:39:01,014|client|INFO|>		[protocol 0] received data: {"index": 1, "type": "got", "data": "b"}
2017-12-31 14:39:01,015|client|INFO|>		[protocol 0] got package 1 -> b
2017-12-31 14:39:01,015|client|INFO|>		[protocol 0] got package 1 -> b
2017-12-31 14:39:01,015|client|INFO|>		[protocol 0] got package 1 -> b
2017-12-31 14:39:01,016|client|INFO|>		[protocol 0] package received
2017-12-31 14:39:01,016|client|INFO|>		[protocol 0] package received
2017-12-31 14:39:01,016|client|INFO|>		[protocol 0] package received
2017-12-31 14:39:02,347|server|INFO|>		protocol created with index 1
2017-12-31 14:39:02,348|server|INFO|>		[protocol 1] connectionMade
2017-12-31 14:39:02,348|client|INFO|>		protocol created with index 0
2017-12-31 14:39:02,348|client|INFO|>		protocol created with index 0
2017-12-31 14:39:02,348|client|INFO|>		protocol created with index 0
2017-12-31 14:39:02,350|client|INFO|>		[protocol 0] connectionMade
2017-12-31 14:39:02,350|client|INFO|>		[protocol 0] connectionMade
2017-12-31 14:39:02,350|client|INFO|>		[protocol 0] connectionMade
2017-12-31 14:39:02,354|server|INFO|>		[protocol 1] received data: {"index": 1, "type": "get"}
2017-12-31 14:39:02,355|server|INFO|>		[protocol 1] got get-request package index is 1
2017-12-31 14:39:02,356|client|INFO|>		[protocol 0] received data: {"index": 1, "type": "got", "data": "b"}
2017-12-31 14:39:02,356|client|INFO|>		[protocol 0] received data: {"index": 1, "type": "got", "data": "b"}
2017-12-31 14:39:02,356|client|INFO|>		[protocol 0] received data: {"index": 1, "type": "got", "data": "b"}
2017-12-31 14:39:02,357|client|INFO|>		[protocol 0] got package 1 -> b
2017-12-31 14:39:02,357|client|INFO|>		[protocol 0] got package 1 -> b
2017-12-31 14:39:02,357|client|INFO|>		[protocol 0] got package 1 -> b
2017-12-31 14:39:02,358|client|INFO|>		[protocol 0] package received
2017-12-31 14:39:02,358|client|INFO|>		[protocol 0] package received
2017-12-31 14:39:02,358|client|INFO|>		[protocol 0] package received
2017-12-31 14:40:51,105|client|INFO|>		[protocol 0] package received
2017-12-31 14:40:51,105|client|INFO|>		[protocol 0] package received
2017-12-31 14:40:51,105|client|INFO|>		[protocol 0] package received
2017-12-31 14:40:51,107|client|INFO|>		[protocol 0] connectionLost: [Failure instance: Traceback (failure with no frames): <class 'twisted.internet.error.ConnectionLost'>: Connection to the other side was lost in a non-clean fashion: Connection lost.
]
2017-12-31 14:40:51,107|server|INFO|>		[protocol 1] connectionLost: [Failure instance: Traceback (failure with no frames): <class 'twisted.internet.error.ConnectionDone'>: Connection was closed cleanly.
]
2017-12-31 14:40:51,107|client|INFO|>		[protocol 0] connectionLost: [Failure instance: Traceback (failure with no frames): <class 'twisted.internet.error.ConnectionLost'>: Connection to the other side was lost in a non-clean fashion: Connection lost.
]
2017-12-31 14:40:51,107|client|INFO|>		[protocol 0] connectionLost: [Failure instance: Traceback (failure with no frames): <class 'twisted.internet.error.ConnectionLost'>: Connection to the other side was lost in a non-clean fashion: Connection lost.
]
2017-12-31 14:40:51,480|server|INFO|>		[protocol 0] connectionLost: [Failure instance: Traceback (failure with no frames): <class 'twisted.internet.error.ConnectionLost'>: Connection to the other side was lost in a non-clean fashion: Connection lost.
]
2017-12-31 14:40:51,481|client|INFO|>		[protocol 0] package received
2017-12-31 14:40:51,481|client|INFO|>		[protocol 0] package received
2017-12-31 14:40:51,481|client|INFO|>		[protocol 0] package received
2017-12-31 14:40:51,482|client|INFO|>		[protocol 0] connectionLost: [Failure instance: Traceback (failure with no frames): <class 'twisted.internet.error.ConnectionLost'>: Connection to the other side was lost in a non-clean fashion: Connection lost.
]
2017-12-31 14:40:51,482|client|INFO|>		[protocol 0] connectionLost: [Failure instance: Traceback (failure with no frames): <class 'twisted.internet.error.ConnectionLost'>: Connection to the other side was lost in a non-clean fashion: Connection lost.
]
2017-12-31 14:40:51,482|client|INFO|>		[protocol 0] connectionLost: [Failure instance: Traceback (failure with no frames): <class 'twisted.internet.error.ConnectionLost'>: Connection to the other side was lost in a non-clean fashion: Connection lost.
]
2017-12-31 14:40:57,748|server|INFO|>		protocol created with index 0
2017-12-31 14:40:57,750|server|INFO|>		[protocol 0] connectionMade
2017-12-31 14:40:57,751|client|INFO|>		protocol created with index 0
2017-12-31 14:40:57,751|client|INFO|>		protocol created with index 0
2017-12-31 14:40:57,751|client|INFO|>		protocol created with index 0
2017-12-31 14:40:57,753|client|INFO|>		[protocol 0] connectionMade
2017-12-31 14:40:57,753|client|INFO|>		[protocol 0] connectionMade
2017-12-31 14:40:57,753|client|INFO|>		[protocol 0] connectionMade
2017-12-31 14:40:57,755|server|INFO|>		[protocol 0] received data: {"index": 1, "type": "get"}
2017-12-31 14:40:57,756|server|INFO|>		[protocol 0] got get-request package index is 1
2017-12-31 14:40:57,757|client|INFO|>		[protocol 0] received data: {"index": 1, "type": "got", "data": "b"}
2017-12-31 14:40:57,757|client|INFO|>		[protocol 0] received data: {"index": 1, "type": "got", "data": "b"}
2017-12-31 14:40:57,757|client|INFO|>		[protocol 0] received data: {"index": 1, "type": "got", "data": "b"}
2017-12-31 14:40:57,758|client|INFO|>		[protocol 0] got package 1 -> b
2017-12-31 14:40:57,758|client|INFO|>		[protocol 0] got package 1 -> b
2017-12-31 14:40:57,758|client|INFO|>		[protocol 0] got package 1 -> b
2017-12-31 14:40:57,759|server|INFO|>		[protocol 0] sending DONE
2017-12-31 14:40:57,759|client|INFO|>		[protocol 0] package received
2017-12-31 14:40:57,759|client|INFO|>		[protocol 0] package received
2017-12-31 14:40:57,759|client|INFO|>		[protocol 0] package received
2017-12-31 14:40:57,760|client|INFO|>		[protocol 0] received data: {"type": "done"}
2017-12-31 14:40:57,760|client|INFO|>		[protocol 0] received data: {"type": "done"}
2017-12-31 14:40:57,760|client|INFO|>		[protocol 0] received data: {"type": "done"}
2017-12-31 14:40:57,761|client|INFO|>		[protocol 0] got unknown message {"type": "done"}
2017-12-31 14:40:57,761|client|INFO|>		[protocol 0] got unknown message {"type": "done"}
2017-12-31 14:40:57,761|client|INFO|>		[protocol 0] got unknown message {"type": "done"}
2017-12-31 14:40:58,417|server|INFO|>		protocol created with index 1
2017-12-31 14:40:58,417|client|INFO|>		protocol created with index 0
2017-12-31 14:40:58,417|client|INFO|>		protocol created with index 0
2017-12-31 14:40:58,417|client|INFO|>		protocol created with index 0
2017-12-31 14:40:58,418|server|INFO|>		[protocol 1] connectionMade
2017-12-31 14:40:58,418|client|INFO|>		[protocol 0] connectionMade
2017-12-31 14:40:58,418|client|INFO|>		[protocol 0] connectionMade
2017-12-31 14:40:58,418|client|INFO|>		[protocol 0] connectionMade
2017-12-31 14:40:58,419|server|INFO|>		[protocol 1] received data: {"index": 1, "type": "get"}
2017-12-31 14:40:58,420|server|INFO|>		[protocol 1] got get-request package index is 1
2017-12-31 14:40:58,420|client|INFO|>		[protocol 0] received data: {"index": 1, "type": "got", "data": "b"}
2017-12-31 14:40:58,420|client|INFO|>		[protocol 0] received data: {"index": 1, "type": "got", "data": "b"}
2017-12-31 14:40:58,420|client|INFO|>		[protocol 0] received data: {"index": 1, "type": "got", "data": "b"}
2017-12-31 14:40:58,421|client|INFO|>		[protocol 0] got package 1 -> b
2017-12-31 14:40:58,421|client|INFO|>		[protocol 0] got package 1 -> b
2017-12-31 14:40:58,421|client|INFO|>		[protocol 0] got package 1 -> b
2017-12-31 14:40:58,422|client|INFO|>		[protocol 0] package received
2017-12-31 14:40:58,422|client|INFO|>		[protocol 0] package received
2017-12-31 14:40:58,422|client|INFO|>		[protocol 0] package received
2017-12-31 14:43:06,296|client|INFO|>		[protocol 0] package received
2017-12-31 14:43:06,296|client|INFO|>		[protocol 0] package received
2017-12-31 14:43:06,296|client|INFO|>		[protocol 0] package received
2017-12-31 14:43:06,298|client|INFO|>		[protocol 0] connectionLost: [Failure instance: Traceback (failure with no frames): <class 'twisted.internet.error.ConnectionLost'>: Connection to the other side was lost in a non-clean fashion: Connection lost.
]
2017-12-31 14:43:06,298|client|INFO|>		[protocol 0] connectionLost: [Failure instance: Traceback (failure with no frames): <class 'twisted.internet.error.ConnectionLost'>: Connection to the other side was lost in a non-clean fashion: Connection lost.
]
2017-12-31 14:43:06,298|client|INFO|>		[protocol 0] connectionLost: [Failure instance: Traceback (failure with no frames): <class 'twisted.internet.error.ConnectionLost'>: Connection to the other side was lost in a non-clean fashion: Connection lost.
]
2017-12-31 14:43:06,299|server|INFO|>		[protocol 1] connectionLost: [Failure instance: Traceback (failure with no frames): <class 'twisted.internet.error.ConnectionDone'>: Connection was closed cleanly.
]
2017-12-31 14:43:06,943|client|INFO|>		[protocol 0] package received
2017-12-31 14:43:06,943|client|INFO|>		[protocol 0] package received
2017-12-31 14:43:06,943|client|INFO|>		[protocol 0] package received
2017-12-31 14:43:06,944|client|INFO|>		[protocol 0] connectionLost: [Failure instance: Traceback (failure with no frames): <class 'twisted.internet.error.ConnectionLost'>: Connection to the other side was lost in a non-clean fashion: Connection lost.
]
2017-12-31 14:43:06,944|client|INFO|>		[protocol 0] connectionLost: [Failure instance: Traceback (failure with no frames): <class 'twisted.internet.error.ConnectionLost'>: Connection to the other side was lost in a non-clean fashion: Connection lost.
]
2017-12-31 14:43:06,944|client|INFO|>		[protocol 0] connectionLost: [Failure instance: Traceback (failure with no frames): <class 'twisted.internet.error.ConnectionLost'>: Connection to the other side was lost in a non-clean fashion: Connection lost.
]
2017-12-31 14:43:06,946|server|INFO|>		[protocol 0] connectionLost: [Failure instance: Traceback (failure with no frames): <class 'twisted.internet.error.ConnectionLost'>: Connection to the other side was lost in a non-clean fashion: Connection lost.
]
2017-12-31 14:43:14,055|server|INFO|>		protocol created with index 0
2017-12-31 14:43:14,057|server|INFO|>		[protocol 0] connectionMade
2017-12-31 14:43:14,058|client|INFO|>		protocol created with index 0
2017-12-31 14:43:14,058|client|INFO|>		protocol created with index 0
2017-12-31 14:43:14,058|client|INFO|>		protocol created with index 0
2017-12-31 14:43:14,060|client|INFO|>		[protocol 0] connectionMade
2017-12-31 14:43:14,060|client|INFO|>		[protocol 0] connectionMade
2017-12-31 14:43:14,060|client|INFO|>		[protocol 0] connectionMade
2017-12-31 14:43:14,062|client|INFO|>		protocol created with index 0
2017-12-31 14:43:14,062|client|INFO|>		protocol created with index 0
2017-12-31 14:43:14,062|client|INFO|>		protocol created with index 0
2017-12-31 14:43:14,064|client|INFO|>		[protocol 0] connectionMade
2017-12-31 14:43:14,064|client|INFO|>		[protocol 0] connectionMade
2017-12-31 14:43:14,064|client|INFO|>		[protocol 0] connectionMade
2017-12-31 14:43:14,065|server|INFO|>		[protocol 0] received data: {"index": 1, "type": "get"}
2017-12-31 14:43:14,065|server|INFO|>		[protocol 0] got get-request package index is 1
2017-12-31 14:43:14,067|client|INFO|>		[protocol 0] received data: {"index": 1, "type": "got", "data": "b"}
2017-12-31 14:43:14,067|client|INFO|>		[protocol 0] received data: {"index": 1, "type": "got", "data": "b"}
2017-12-31 14:43:14,067|client|INFO|>		[protocol 0] received data: {"index": 1, "type": "got", "data": "b"}
2017-12-31 14:43:14,068|client|INFO|>		[protocol 0] got package 1 -> b
2017-12-31 14:43:14,068|client|INFO|>		[protocol 0] got package 1 -> b
2017-12-31 14:43:14,068|client|INFO|>		[protocol 0] got package 1 -> b
2017-12-31 14:43:14,069|server|INFO|>		[protocol 0] sending DONE
2017-12-31 14:43:14,071|client|INFO|>		[protocol 0] package received
2017-12-31 14:43:14,071|client|INFO|>		[protocol 0] package received
2017-12-31 14:43:14,071|client|INFO|>		[protocol 0] package received
2017-12-31 14:43:14,072|client|INFO|>		[protocol 0] received data: {"type": "done"}
2017-12-31 14:43:14,072|client|INFO|>		[protocol 0] received data: {"type": "done"}
2017-12-31 14:43:14,072|client|INFO|>		[protocol 0] received data: {"type": "done"}
2017-12-31 14:43:14,074|client|INFO|>		[protocol 0] got unknown message {"type": "done"}
2017-12-31 14:43:14,074|client|INFO|>		[protocol 0] got unknown message {"type": "done"}
2017-12-31 14:43:14,074|client|INFO|>		[protocol 0] got unknown message {"type": "done"}
2017-12-31 14:43:16,715|server|INFO|>		protocol created with index 0
2017-12-31 14:43:16,717|server|INFO|>		[protocol 0] connectionMade
2017-12-31 14:43:16,720|server|INFO|>		protocol created with index 1
2017-12-31 14:43:16,720|server|INFO|>		protocol created with index 1
2017-12-31 14:43:16,721|server|INFO|>		[protocol 1] connectionMade
2017-12-31 14:43:16,721|server|INFO|>		[protocol 1] connectionMade
2017-12-31 14:43:16,721|server|INFO|>		[protocol 0] received data: {"index": 1, "type": "get"}
2017-12-31 14:43:16,722|server|INFO|>		[protocol 0] got get-request package index is 1
2017-12-31 14:43:16,725|client|INFO|>		protocol created with index 0
2017-12-31 14:43:16,725|client|INFO|>		protocol created with index 0
2017-12-31 14:43:16,725|client|INFO|>		protocol created with index 0
2017-12-31 14:43:16,727|client|INFO|>		[protocol 0] connectionMade
2017-12-31 14:43:16,727|client|INFO|>		[protocol 0] connectionMade
2017-12-31 14:43:16,727|client|INFO|>		[protocol 0] connectionMade
2017-12-31 14:43:16,729|client|INFO|>		protocol created with index 0
2017-12-31 14:43:16,729|client|INFO|>		protocol created with index 0
2017-12-31 14:43:16,729|client|INFO|>		protocol created with index 0
2017-12-31 14:43:16,730|client|INFO|>		[protocol 0] connectionMade
2017-12-31 14:43:16,730|client|INFO|>		[protocol 0] connectionMade
2017-12-31 14:43:16,730|client|INFO|>		[protocol 0] connectionMade
2017-12-31 14:43:16,731|client|INFO|>		[protocol 0] received data: {"index": 1, "type": "got", "data": "b"}
2017-12-31 14:43:16,731|client|INFO|>		[protocol 0] received data: {"index": 1, "type": "got", "data": "b"}
2017-12-31 14:43:16,731|client|INFO|>		[protocol 0] received data: {"index": 1, "type": "got", "data": "b"}
2017-12-31 14:43:16,732|client|INFO|>		[protocol 0] got package 1 -> b
2017-12-31 14:43:16,732|client|INFO|>		[protocol 0] got package 1 -> b
2017-12-31 14:43:16,732|client|INFO|>		[protocol 0] got package 1 -> b
2017-12-31 14:43:16,734|server|INFO|>		[protocol 0] sending DONE
2017-12-31 14:43:16,734|server|INFO|>		[protocol 1] sending DONE
2017-12-31 14:43:16,735|client|INFO|>		[protocol 0] package received
2017-12-31 14:43:16,735|client|INFO|>		[protocol 0] package received
2017-12-31 14:43:16,735|client|INFO|>		[protocol 0] package received
2017-12-31 14:43:16,735|server|INFO|>		[protocol 1] received data: {"index": 1, "type": "get"}
2017-12-31 14:43:16,735|server|INFO|>		[protocol 1] got get-request package index is 1
2017-12-31 14:43:16,736|client|INFO|>		[protocol 0] received data: {"type": "done"}
2017-12-31 14:43:16,736|client|INFO|>		[protocol 0] received data: {"type": "done"}
2017-12-31 14:43:16,736|client|INFO|>		[protocol 0] received data: {"type": "done"}
2017-12-31 14:43:16,737|client|INFO|>		[protocol 0] got unknown message {"type": "done"}
2017-12-31 14:43:16,737|client|INFO|>		[protocol 0] got unknown message {"type": "done"}
2017-12-31 14:43:16,737|client|INFO|>		[protocol 0] got unknown message {"type": "done"}
2017-12-31 14:43:16,738|client|INFO|>		[protocol 0] received data: {"type": "done"}{"index": 1, "type": "got", "data": "b"}
2017-12-31 14:43:16,738|client|INFO|>		[protocol 0] received data: {"type": "done"}{"index": 1, "type": "got", "data": "b"}
2017-12-31 14:43:16,738|client|INFO|>		[protocol 0] received data: {"type": "done"}{"index": 1, "type": "got", "data": "b"}
2017-12-31 14:43:16,745|client|INFO|>		[protocol 0] package received
2017-12-31 14:43:16,745|client|INFO|>		[protocol 0] package received
2017-12-31 14:43:16,745|client|INFO|>		[protocol 0] package received
2017-12-31 14:43:16,746|client|INFO|>		[protocol 0] connectionLost: [Failure instance: Traceback (failure with no frames): <type 'exceptions.ValueError'>: Extra data: line 1 column 17 - line 1 column 57 (char 16 - 56)
]
2017-12-31 14:43:16,746|client|INFO|>		[protocol 0] connectionLost: [Failure instance: Traceback (failure with no frames): <type 'exceptions.ValueError'>: Extra data: line 1 column 17 - line 1 column 57 (char 16 - 56)
]
2017-12-31 14:43:16,746|server|INFO|>		[protocol 1] connectionLost: [Failure instance: Traceback (failure with no frames): <class 'twisted.internet.error.ConnectionDone'>: Connection was closed cleanly.
]
2017-12-31 14:43:16,746|client|INFO|>		[protocol 0] connectionLost: [Failure instance: Traceback (failure with no frames): <type 'exceptions.ValueError'>: Extra data: line 1 column 17 - line 1 column 57 (char 16 - 56)
]
2017-12-31 14:43:16,747|server|INFO|>		[protocol 1] received data: {"index": 1, "type": "get"}
2017-12-31 14:43:16,747|server|INFO|>		[protocol 1] got get-request package index is 1
2017-12-31 14:43:16,748|client|INFO|>		[protocol 0] received data: {"index": 1, "type": "got", "data": "b"}
2017-12-31 14:43:16,748|client|INFO|>		[protocol 0] received data: {"index": 1, "type": "got", "data": "b"}
2017-12-31 14:43:16,748|client|INFO|>		[protocol 0] received data: {"index": 1, "type": "got", "data": "b"}
2017-12-31 14:43:16,748|client|INFO|>		[protocol 0] got package 1 -> b
2017-12-31 14:43:16,748|client|INFO|>		[protocol 0] got package 1 -> b
2017-12-31 14:43:16,748|client|INFO|>		[protocol 0] got package 1 -> b
2017-12-31 14:43:16,748|server|INFO|>		[protocol 0] sending DONE
2017-12-31 14:43:16,748|server|INFO|>		[protocol 1] sending DONE
2017-12-31 14:43:16,749|client|INFO|>		[protocol 0] package received
2017-12-31 14:43:16,749|client|INFO|>		[protocol 0] package received
2017-12-31 14:43:16,749|client|INFO|>		[protocol 0] package received
2017-12-31 14:43:16,749|client|INFO|>		[protocol 0] received data: {"type": "done"}
2017-12-31 14:43:16,749|client|INFO|>		[protocol 0] received data: {"type": "done"}
2017-12-31 14:43:16,749|client|INFO|>		[protocol 0] received data: {"type": "done"}
2017-12-31 14:43:16,749|client|INFO|>		[protocol 0] received data: {"type": "done"}
2017-12-31 14:43:16,749|client|INFO|>		[protocol 0] received data: {"type": "done"}
2017-12-31 14:43:16,749|client|INFO|>		[protocol 0] received data: {"type": "done"}
2017-12-31 14:43:16,749|client|INFO|>		[protocol 0] got unknown message {"type": "done"}
2017-12-31 14:43:16,749|client|INFO|>		[protocol 0] got unknown message {"type": "done"}
2017-12-31 14:43:16,749|client|INFO|>		[protocol 0] got unknown message {"type": "done"}
2017-12-31 14:43:16,749|client|INFO|>		[protocol 0] got unknown message {"type": "done"}
2017-12-31 14:43:16,749|client|INFO|>		[protocol 0] got unknown message {"type": "done"}
2017-12-31 14:43:16,749|client|INFO|>		[protocol 0] got unknown message {"type": "done"}
2017-12-31 14:43:19,372|client|INFO|>		protocol created with index 1
2017-12-31 14:43:19,372|server|INFO|>		protocol created with index 2
2017-12-31 14:43:19,372|client|INFO|>		protocol created with index 1
2017-12-31 14:43:19,372|client|INFO|>		protocol created with index 1
2017-12-31 14:43:19,373|server|INFO|>		[protocol 2] connectionMade
2017-12-31 14:43:19,373|client|INFO|>		[protocol 1] connectionMade
2017-12-31 14:43:19,373|client|INFO|>		[protocol 1] connectionMade
2017-12-31 14:43:19,373|client|INFO|>		[protocol 1] connectionMade
2017-12-31 14:43:19,374|server|INFO|>		[protocol 2] received data: {"index": 1, "type": "get"}
2017-12-31 14:43:19,374|server|INFO|>		[protocol 2] got get-request package index is 1
2017-12-31 14:43:19,374|client|INFO|>		[protocol 1] received data: {"index": 1, "type": "got", "data": "b"}
2017-12-31 14:43:19,374|client|INFO|>		[protocol 1] received data: {"index": 1, "type": "got", "data": "b"}
2017-12-31 14:43:19,374|client|INFO|>		[protocol 1] received data: {"index": 1, "type": "got", "data": "b"}
2017-12-31 14:43:19,374|client|INFO|>		[protocol 1] got package 1 -> b
2017-12-31 14:43:19,374|client|INFO|>		[protocol 1] got package 1 -> b
2017-12-31 14:43:19,374|client|INFO|>		[protocol 1] got package 1 -> b
2017-12-31 14:43:19,375|client|INFO|>		[protocol 1] package received
2017-12-31 14:43:19,375|client|INFO|>		[protocol 1] package received
2017-12-31 14:43:19,375|client|INFO|>		[protocol 1] package received
2017-12-31 14:44:05,887|client|INFO|>		[protocol 0] package received
2017-12-31 14:44:05,887|client|INFO|>		[protocol 0] package received
2017-12-31 14:44:05,887|client|INFO|>		[protocol 0] package received
2017-12-31 14:44:05,888|client|INFO|>		[protocol 0] connectionLost: [Failure instance: Traceback (failure with no frames): <class 'twisted.internet.error.ConnectionLost'>: Connection to the other side was lost in a non-clean fashion: Connection lost.
]
2017-12-31 14:44:05,888|client|INFO|>		[protocol 0] connectionLost: [Failure instance: Traceback (failure with no frames): <class 'twisted.internet.error.ConnectionLost'>: Connection to the other side was lost in a non-clean fashion: Connection lost.
]
2017-12-31 14:44:05,888|client|INFO|>		[protocol 0] connectionLost: [Failure instance: Traceback (failure with no frames): <class 'twisted.internet.error.ConnectionLost'>: Connection to the other side was lost in a non-clean fashion: Connection lost.
]
2017-12-31 14:44:05,889|client|INFO|>		[protocol 1] package received
2017-12-31 14:44:05,889|client|INFO|>		[protocol 1] package received
2017-12-31 14:44:05,889|client|INFO|>		[protocol 1] package received
2017-12-31 14:44:05,889|server|INFO|>		[protocol 2] connectionLost: [Failure instance: Traceback (failure with no frames): <class 'twisted.internet.error.ConnectionDone'>: Connection was closed cleanly.
]
2017-12-31 14:44:05,890|client|INFO|>		[protocol 1] connectionLost: [Failure instance: Traceback (failure with no frames): <class 'twisted.internet.error.ConnectionLost'>: Connection to the other side was lost in a non-clean fashion: Connection lost.
]
2017-12-31 14:44:05,890|client|INFO|>		[protocol 1] connectionLost: [Failure instance: Traceback (failure with no frames): <class 'twisted.internet.error.ConnectionLost'>: Connection to the other side was lost in a non-clean fashion: Connection lost.
]
2017-12-31 14:44:05,890|client|INFO|>		[protocol 1] connectionLost: [Failure instance: Traceback (failure with no frames): <class 'twisted.internet.error.ConnectionLost'>: Connection to the other side was lost in a non-clean fashion: Connection lost.
]
2017-12-31 14:44:05,891|server|INFO|>		[protocol 0] connectionLost: [Failure instance: Traceback (failure with no frames): <class 'twisted.internet.error.ConnectionLost'>: Connection to the other side was lost in a non-clean fashion: Connection lost.
]
2017-12-31 14:44:05,891|client|INFO|>		[protocol 0] package received
2017-12-31 14:44:05,891|client|INFO|>		[protocol 0] package received
2017-12-31 14:44:05,891|client|INFO|>		[protocol 0] package received
2017-12-31 14:44:05,892|server|INFO|>		[protocol 1] connectionLost: [Failure instance: Traceback (failure with no frames): <class 'twisted.internet.error.ConnectionLost'>: Connection to the other side was lost in a non-clean fashion: Connection lost.
]
2017-12-31 14:44:05,892|client|INFO|>		[protocol 0] connectionLost: [Failure instance: Traceback (failure with no frames): <class 'twisted.internet.error.ConnectionDone'>: Connection was closed cleanly.
]
2017-12-31 14:44:05,892|client|INFO|>		[protocol 0] connectionLost: [Failure instance: Traceback (failure with no frames): <class 'twisted.internet.error.ConnectionDone'>: Connection was closed cleanly.
]
2017-12-31 14:44:05,892|client|INFO|>		[protocol 0] connectionLost: [Failure instance: Traceback (failure with no frames): <class 'twisted.internet.error.ConnectionDone'>: Connection was closed cleanly.
]
2017-12-31 14:44:06,323|client|INFO|>		[protocol 0] package received
2017-12-31 14:44:06,323|client|INFO|>		[protocol 0] package received
2017-12-31 14:44:06,323|client|INFO|>		[protocol 0] package received
2017-12-31 14:44:06,327|client|INFO|>		[protocol 0] connectionLost: [Failure instance: Traceback (failure with no frames): <class 'twisted.internet.error.ConnectionLost'>: Connection to the other side was lost in a non-clean fashion: Connection lost.
]
2017-12-31 14:44:06,327|client|INFO|>		[protocol 0] connectionLost: [Failure instance: Traceback (failure with no frames): <class 'twisted.internet.error.ConnectionLost'>: Connection to the other side was lost in a non-clean fashion: Connection lost.
]
2017-12-31 14:44:06,327|client|INFO|>		[protocol 0] connectionLost: [Failure instance: Traceback (failure with no frames): <class 'twisted.internet.error.ConnectionLost'>: Connection to the other side was lost in a non-clean fashion: Connection lost.
]
2017-12-31 14:44:06,330|server|INFO|>		[protocol 0] connectionLost: [Failure instance: Traceback (failure with no frames): <class 'twisted.internet.error.ConnectionLost'>: Connection to the other side was lost in a non-clean fashion: Connection lost.
]
